<?xml version="1.0" encoding="UTF-8"?>
<testng-results ignored="0" total="6" passed="6" failed="0" skipped="0">
  <reporter-output>
  </reporter-output>
  <suite started-at="2022-12-19T00:14:37 IST" name="Suite" finished-at="2022-12-19T00:14:58 IST" duration-ms="20618">
    <groups>
    </groups>
    <test started-at="2022-12-19T00:14:37 IST" name="TestByChrome" finished-at="2022-12-19T00:14:48 IST" duration-ms="10821">
      <class name="ParallelOperation.ParallelTestCases">
        <test-method is-config="true" signature="setup(java.lang.String)[pri:0, instance:ParallelOperation.ParallelTestCases@3ce1e309]" started-at="2022-12-19T00:14:37 IST" name="setup" finished-at="2022-12-19T00:14:40 IST" duration-ms="3191" status="PASS">
          <params>
            <param index="0">
              <value>
                <![CDATA[chrome]]>
              </value>
            </param>
          </params>
          <reporter-output>
          </reporter-output>
        </test-method> <!-- setup -->
        <test-method signature="reg(java.lang.String,java.lang.String)[pri:0, instance:ParallelOperation.ParallelTestCases@3ce1e309]" started-at="2022-12-19T00:14:40 IST" name="reg" finished-at="2022-12-19T00:14:41 IST" duration-ms="434" status="PASS">
          <params>
            <param index="0">
              <value>
                <![CDATA[manoj]]>
              </value>
            </param>
            <param index="1">
              <value>
                <![CDATA[vajpey]]>
              </value>
            </param>
          </params>
          <reporter-output>
          </reporter-output>
        </test-method> <!-- reg -->
        <test-method signature="validatetitle()[pri:0, instance:ParallelOperation.ParallelTestCases@3ce1e309]" started-at="2022-12-19T00:14:41 IST" name="validatetitle" finished-at="2022-12-19T00:14:41 IST" duration-ms="16" status="PASS">
          <reporter-output>
          </reporter-output>
        </test-method> <!-- validatetitle -->
        <test-method is-config="true" signature="tearDown()[pri:0, instance:ParallelOperation.ParallelTestCases@3ce1e309]" started-at="2022-12-19T00:14:41 IST" name="tearDown" finished-at="2022-12-19T00:14:48 IST" duration-ms="7141" status="PASS">
          <reporter-output>
          </reporter-output>
        </test-method> <!-- tearDown -->
      </class> <!-- ParallelOperation.ParallelTestCases -->
    </test> <!-- TestByChrome -->
    <test started-at="2022-12-19T00:14:37 IST" name="TestByEdge" finished-at="2022-12-19T00:14:53 IST" duration-ms="15908">
      <class name="ParallelOperation.ParallelTestCases">
        <test-method is-config="true" signature="setup(java.lang.String)[pri:0, instance:ParallelOperation.ParallelTestCases@c8c12ac]" started-at="2022-12-19T00:14:37 IST" name="setup" finished-at="2022-12-19T00:14:46 IST" duration-ms="8500" status="PASS">
          <params>
            <param index="0">
              <value>
                <![CDATA[edge]]>
              </value>
            </param>
          </params>
          <reporter-output>
          </reporter-output>
        </test-method> <!-- setup -->
        <test-method signature="reg(java.lang.String,java.lang.String)[pri:0, instance:ParallelOperation.ParallelTestCases@c8c12ac]" started-at="2022-12-19T00:14:46 IST" name="reg" finished-at="2022-12-19T00:14:46 IST" duration-ms="235" status="PASS">
          <params>
            <param index="0">
              <value>
                <![CDATA[shree]]>
              </value>
            </param>
            <param index="1">
              <value>
                <![CDATA[deshmukh]]>
              </value>
            </param>
          </params>
          <reporter-output>
          </reporter-output>
        </test-method> <!-- reg -->
        <test-method signature="validatetitle()[pri:0, instance:ParallelOperation.ParallelTestCases@c8c12ac]" started-at="2022-12-19T00:14:46 IST" name="validatetitle" finished-at="2022-12-19T00:14:46 IST" duration-ms="8" status="PASS">
          <reporter-output>
          </reporter-output>
        </test-method> <!-- validatetitle -->
        <test-method is-config="true" signature="tearDown()[pri:0, instance:ParallelOperation.ParallelTestCases@c8c12ac]" started-at="2022-12-19T00:14:46 IST" name="tearDown" finished-at="2022-12-19T00:14:53 IST" duration-ms="7156" status="PASS">
          <reporter-output>
          </reporter-output>
        </test-method> <!-- tearDown -->
      </class> <!-- ParallelOperation.ParallelTestCases -->
    </test> <!-- TestByEdge -->
    <test started-at="2022-12-19T00:14:37 IST" name="TestByFirefox" finished-at="2022-12-19T00:14:58 IST" duration-ms="20618">
      <class name="ParallelOperation.ParallelTestCases">
        <test-method is-config="true" signature="setup(java.lang.String)[pri:0, instance:ParallelOperation.ParallelTestCases@57a3af25]" started-at="2022-12-19T00:14:37 IST" name="setup" finished-at="2022-12-19T00:14:50 IST" duration-ms="12873" status="PASS">
          <params>
            <param index="0">
              <value>
                <![CDATA[firefox]]>
              </value>
            </param>
          </params>
          <reporter-output>
          </reporter-output>
        </test-method> <!-- setup -->
        <test-method signature="reg(java.lang.String,java.lang.String)[pri:0, instance:ParallelOperation.ParallelTestCases@57a3af25]" started-at="2022-12-19T00:14:50 IST" name="reg" finished-at="2022-12-19T00:14:50 IST" duration-ms="87" status="PASS">
          <params>
            <param index="0">
              <value>
                <![CDATA[suchi]]>
              </value>
            </param>
            <param index="1">
              <value>
                <![CDATA[deshmukh]]>
              </value>
            </param>
          </params>
          <reporter-output>
          </reporter-output>
        </test-method> <!-- reg -->
        <test-method signature="validatetitle()[pri:0, instance:ParallelOperation.ParallelTestCases@57a3af25]" started-at="2022-12-19T00:14:50 IST" name="validatetitle" finished-at="2022-12-19T00:14:50 IST" duration-ms="13" status="PASS">
          <reporter-output>
          </reporter-output>
        </test-method> <!-- validatetitle -->
        <test-method is-config="true" signature="tearDown()[pri:0, instance:ParallelOperation.ParallelTestCases@57a3af25]" started-at="2022-12-19T00:14:50 IST" name="tearDown" finished-at="2022-12-19T00:14:58 IST" duration-ms="7637" status="PASS">
          <reporter-output>
          </reporter-output>
        </test-method> <!-- tearDown -->
      </class> <!-- ParallelOperation.ParallelTestCases -->
    </test> <!-- TestByFirefox -->
  </suite> <!-- Suite -->
</testng-results>
